
Showing logs for build [32mcb-kubecd-bdd-nh-1590289191-pr-kjwdk-1[0m stage [32mfrom-build-pack[0m and container [32mstep-credential-initializer-mg64j[0m
{"level":"info","ts":1590291308.7736924,"logger":"fallback-logger","caller":"logging/config.go:69","msg":"Fetch GitHub commit ID from kodata failed: open /var/run/ko/refs/heads/0.8.0-ns-support: no such file or directory"}
{"level":"info","ts":1590291308.774575,"logger":"fallback-logger","caller":"creds-init/main.go:40","msg":"Credentials initialized."}

Showing logs for build [32mcb-kubecd-bdd-nh-1590289191-pr-kjwdk-1[0m stage [32mfrom-build-pack[0m and container [32mstep-working-dir-initializer-crrg4[0m
{"level":"info","ts":1590291310.1795533,"logger":"fallback-logger","caller":"logging/config.go:69","msg":"Fetch GitHub commit ID from kodata failed: open /var/run/ko/HEAD: no such file or directory"}
{"level":"info","ts":1590291310.1826274,"logger":"fallback-logger","caller":"bash/main.go:64","msg":"Successfully executed command \"sh -c mkdir -p /workspace/source\"; output "}

Showing logs for build [32mcb-kubecd-bdd-nh-1590289191-pr-kjwdk-1[0m stage [32mfrom-build-pack[0m and container [32mstep-place-tools[0m

Showing logs for build [32mcb-kubecd-bdd-nh-1590289191-pr-kjwdk-1[0m stage [32mfrom-build-pack[0m and container [32mstep-git-source-cb-kubecd-bdd-nh-1590289191-pr-kjwdk-lcwpg[0m
{"level":"info","ts":1590291342.3947682,"logger":"fallback-logger","caller":"logging/config.go:69","msg":"Fetch GitHub commit ID from kodata failed: open /var/run/ko/refs/heads/0.8.0-ns-support: no such file or directory"}
{"level":"info","ts":1590291343.5287304,"logger":"fallback-logger","caller":"git/git.go:103","msg":"Successfully cloned https://github.com/cb-kubecd/bdd-nh-1590289191.git @ master in path /workspace/source"}

Showing logs for build [32mcb-kubecd-bdd-nh-1590289191-pr-kjwdk-1[0m stage [32mfrom-build-pack[0m and container [32mstep-git-merge[0m
Using SHAs from PULL_REFS=master:79ee3176bca89848df44199eafe085426e615a5d,1:b056e6dc2b889158b34f9a5bb0451539b6aaf793
DEBUG: JX_LOG_LEVEL=error LC_ALL=C git fetch origin --unshallow b056e6dc2b889158b34f9a5bb0451539b6aaf793: 79ee3176bca89848df44199eafe085426e615a5d:
DEBUG: ran git fetch --unshallow origin b056e6dc2b889158b34f9a5bb0451539b6aaf793: 79ee3176bca89848df44199eafe085426e615a5d: in 
DEBUG: LC_ALL=C JX_LOG_LEVEL=error git branch
DEBUG: JX_LOG_LEVEL=error LC_ALL=C git checkout master
DEBUG: ran git checkout master in 
DEBUG: LC_ALL=C JX_LOG_LEVEL=error git reset --hard 79ee3176bca89848df44199eafe085426e615a5d
DEBUG: ran git reset --hard 79ee3176bca89848df44199eafe085426e615a5d in 
DEBUG: JX_LOG_LEVEL=error LC_ALL=C git clean -fd .
DEBUG: ran clean --force -d . in 
DEBUG: LC_ALL=C JX_LOG_LEVEL=error git merge b056e6dc2b889158b34f9a5bb0451539b6aaf793
DEBUG: ran git merge b056e6dc2b889158b34f9a5bb0451539b6aaf793 in 
DEBUG: LC_ALL=C JX_LOG_LEVEL=error git log --format=%H%x1f%an%x1f%ae%x1f%cn%x1f%ce%x1f%s%n%b%x1e 79ee3176bca89848df44199eafe085426e615a5d..HEAD
Merged SHA b056e6dc2b889158b34f9a5bb0451539b6aaf793 with commit message 'My first PR commit' into base branch master

Showing logs for build [32mcb-kubecd-bdd-nh-1590289191-pr-kjwdk-1[0m stage [32mfrom-build-pack[0m and container [32mstep-build-npmrc[0m
Command "credential" is deprecated, it will be removed on Jun 1 2020.  This is replaced by Tekton's mounted secrets
WARNING: failed to find Secret npm-token in namespace **

Showing logs for build [32mcb-kubecd-bdd-nh-1590289191-pr-kjwdk-1[0m stage [32mfrom-build-pack[0m and container [32mstep-build-npm-install[0m
npm notice created a lockfile as package-lock.json. You should commit this file.
npm WARN REPLACE_ME@1.0.0 No repository field.
npm WARN REPLACE_ME@1.0.0 No license field.

up to date in 0.842s
found 0 vulnerabilities


Showing logs for build [32mcb-kubecd-bdd-nh-1590289191-pr-kjwdk-1[0m stage [32mfrom-build-pack[0m and container [32mstep-build-npm-test[0m

> REPLACE_ME@1.0.0 test /workspace/source
> echo "no test specified" && exit 0

no test specified

Showing logs for build [32mcb-kubecd-bdd-nh-1590289191-pr-kjwdk-1[0m stage [32mfrom-build-pack[0m and container [32mstep-build-container-build[0m
E0524 03:35:49.244485       9 aws_credentials.go:77] while getting AWS credentials NoCredentialProviders: no valid providers in chain. Deprecated.
	For verbose messaging see aws.Config.CredentialsChainVerboseErrors
[36mINFO[0m[0001] Using dockerignore file: /workspace/source/.dockerignore 
[36mINFO[0m[0001] Retrieving image manifest node:9-slim        
E0524 03:35:49.620251       9 metadata.go:154] while reading 'google-dockercfg' metadata: http status code: 404 while fetching url http://metadata.google.internal./computeMetadata/v1/instance/attributes/google-dockercfg
E0524 03:35:49.623362       9 metadata.go:166] while reading 'google-dockercfg-url' metadata: http status code: 404 while fetching url http://metadata.google.internal./computeMetadata/v1/instance/attributes/google-dockercfg-url
[36mINFO[0m[0002] Retrieving image manifest node:9-slim        
[36mINFO[0m[0003] Built cross stage deps: map[]                
[36mINFO[0m[0003] Retrieving image manifest node:9-slim        
[36mINFO[0m[0004] Retrieving image manifest node:9-slim        
[36mINFO[0m[0004] Executing 0 build triggers                   
[36mINFO[0m[0004] cmd: EXPOSE                                  
[36mINFO[0m[0004] Adding exposed port: 8080/tcp                
[36mINFO[0m[0004] Checking for cached layer gcr.io/jenkins-x-bdd3/cache:3d4f9058db59bb89c3e654b0540b8e63b47941b21b5365d535743706c1345b4e... 
[36mINFO[0m[0005] No cached layer found for cmd COPY . .       
[36mINFO[0m[0005] Unpacking rootfs as cmd COPY . . requires it. 
[36mINFO[0m[0010] ENV PORT 8080                                
[36mINFO[0m[0010] No files changed in this command, skipping snapshotting. 
[36mINFO[0m[0010] EXPOSE 8080                                  
[36mINFO[0m[0010] cmd: EXPOSE                                  
[36mINFO[0m[0010] Adding exposed port: 8080/tcp                
[36mINFO[0m[0010] No files changed in this command, skipping snapshotting. 
[36mINFO[0m[0010] WORKDIR /usr/src/app                         
[36mINFO[0m[0010] cmd: workdir                                 
[36mINFO[0m[0010] Changed working directory to /usr/src/app    
[36mINFO[0m[0010] Creating directory /usr/src/app              
[36mINFO[0m[0010] Resolving 1 paths                            
[36mINFO[0m[0010] Taking snapshot of files...                  
[36mINFO[0m[0011] COPY . .                                     
[36mINFO[0m[0011] Resolving 143 paths                          
[36mINFO[0m[0011] Taking snapshot of files...                  
[36mINFO[0m[0011] Pushing layer gcr.io/jenkins-x-bdd3/cache:3d4f9058db59bb89c3e654b0540b8e63b47941b21b5365d535743706c1345b4e to cache now 
[36mINFO[0m[0011] CMD ["npm", "start"]                         
[36mINFO[0m[0011] No files changed in this command, skipping snapshotting. 

Showing logs for build [32mcb-kubecd-bdd-nh-1590289191-pr-kjwdk-1[0m stage [32mfrom-build-pack[0m and container [32mstep-postbuild-post-build[0m
no CVE provider running in the current ** namespace so skip adding image to be analysed

Showing logs for build [32mcb-kubecd-bdd-nh-1590289191-pr-kjwdk-1[0m stage [32mfrom-build-pack[0m and container [32mstep-promote-make-preview[0m
sed -i -e "s/version:.*/version: 0.0.0-SNAPSHOT-PR-1-1/" Chart.yaml
sed -i -e "s/version:.*/version: 0.0.0-SNAPSHOT-PR-1-1/" ../*/Chart.yaml
sed -i -e "s|repository:.*|repository: gcr.io\/jenkins-x-bdd3\/bdd-nh-1590289191|" values.yaml
sed -i -e "s/tag:.*/tag: 0.0.0-SNAPSHOT-PR-1-1/" values.yaml
echo "  version: 0.0.0-SNAPSHOT-PR-1-1" >> requirements.yaml
** step helm build
WARNING: No $CHART_REPOSITORY defined so using the default value of: http://jenkins-x-chartmuseum:8080
Adding missing Helm repo: storage.googleapis.com https://storage.googleapis.com/chartmuseum.jenkins-x.io
WARNING: No secrets found on "helm/repos" due: reading the secret "helm/repos" from vault: no secret "helm/repos" not found in vault
Read credentials for https://storage.googleapis.com/chartmuseum.jenkins-x.io from vault helm/repos
Successfully added Helm repository storage.googleapis.com.
Adding missing Helm repo: jenkins-x-chartmuseum http://jenkins-x-chartmuseum:8080
WARNING: No secrets found on "helm/repos" due: reading the secret "helm/repos" from vault: no secret "helm/repos" not found in vault
Read credentials for http://jenkins-x-chartmuseum:8080 from vault helm/repos
Successfully added Helm repository jenkins-x-chartmuseum.
WARNING: No $CHART_REPOSITORY defined so using the default value of: http://jenkins-x-chartmuseum:8080
Adding missing Helm repo: chartmuseum.jenkins-x.io http://chartmuseum.jenkins-x.io
WARNING: No secrets found on "helm/repos" due: reading the secret "helm/repos" from vault: no secret "helm/repos" not found in vault
Read credentials for http://chartmuseum.jenkins-x.io from vault helm/repos
Successfully added Helm repository chartmuseum.jenkins-x.io.

Showing logs for build [32mcb-kubecd-bdd-nh-1590289191-pr-kjwdk-1[0m stage [32mfrom-build-pack[0m and container [32mstep-promote-jx-preview[0m
Creating a preview
Created environment cb-kubecd-bdd-nh-1590289191-pr-1
Namespace **-cb-kubecd-bdd-nh-1590289191-pr-1 created 
expose:
  Annotations:
    helm.sh/hook: post-install,post-upgrade
    helm.sh/hook-delete-policy: hook-succeeded
  config:
    domain: c**d9.bdd.jenkins-x.rocks
    exposer: Ingress
    http: "true"
preview:
  image:
    repository: gcr.io/jenkins-x-bdd3/bdd-nh-1590289191
    tag: 0.0.0-SNAPSHOT-PR-1-1

Updating PipelineActivities cb-kubecd-bdd-nh-1590289191-pr-1-1 which has status Running
WARNING: preview application http://bdd-nh-1590289191.**-cb-kubecd-bdd-nh-1590289191-pr-1.c**d9.bdd.jenkins-x.rocks not available, error was Get http://bdd-nh-1590289191.**-cb-kubecd-bdd-nh-1590289191-pr-1.c**d9.bdd.jenkins-x.rocks: dial tcp: lookup bdd-nh-1590289191.**-cb-kubecd-bdd-nh-1590289191-pr-1.c**d9.bdd.jenkins-x.rocks on 10.19.240.10:53: no such host, delaying for: 911.540363ms
WARNING: preview application http://bdd-nh-1590289191.**-cb-kubecd-bdd-nh-1590289191-pr-1.c**d9.bdd.jenkins-x.rocks not available, error was Get http://bdd-nh-1590289191.**-cb-kubecd-bdd-nh-1590289191-pr-1.c**d9.bdd.jenkins-x.rocks: dial tcp: lookup bdd-nh-1590289191.**-cb-kubecd-bdd-nh-1590289191-pr-1.c**d9.bdd.jenkins-x.rocks on 10.19.240.10:53: no such host, delaying for: 1.718750062s
WARNING: preview application http://bdd-nh-1590289191.**-cb-kubecd-bdd-nh-1590289191-pr-1.c**d9.bdd.jenkins-x.rocks not available, error was Get http://bdd-nh-1590289191.**-cb-kubecd-bdd-nh-1590289191-pr-1.c**d9.bdd.jenkins-x.rocks: dial tcp: lookup bdd-nh-1590289191.**-cb-kubecd-bdd-nh-1590289191-pr-1.c**d9.bdd.jenkins-x.rocks on 10.19.240.10:53: no such host, delaying for: 2.576337449s
WARNING: preview application http://bdd-nh-1590289191.**-cb-kubecd-bdd-nh-1590289191-pr-1.c**d9.bdd.jenkins-x.rocks not available, error was Get http://bdd-nh-1590289191.**-cb-kubecd-bdd-nh-1590289191-pr-1.c**d9.bdd.jenkins-x.rocks: dial tcp: lookup bdd-nh-1590289191.**-cb-kubecd-bdd-nh-1590289191-pr-1.c**d9.bdd.jenkins-x.rocks on 10.19.240.10:53: no such host, delaying for: 4.987451737s
WARNING: preview application http://bdd-nh-1590289191.**-cb-kubecd-bdd-nh-1590289191-pr-1.c**d9.bdd.jenkins-x.rocks not available, error was Get http://bdd-nh-1590289191.**-cb-kubecd-bdd-nh-1590289191-pr-1.c**d9.bdd.jenkins-x.rocks: dial tcp: lookup bdd-nh-1590289191.**-cb-kubecd-bdd-nh-1590289191-pr-1.c**d9.bdd.jenkins-x.rocks on 10.19.240.10:53: no such host, delaying for: 2.879328238s
WARNING: preview application http://bdd-nh-1590289191.**-cb-kubecd-bdd-nh-1590289191-pr-1.c**d9.bdd.jenkins-x.rocks not available, error was Get http://bdd-nh-1590289191.**-cb-kubecd-bdd-nh-1590289191-pr-1.c**d9.bdd.jenkins-x.rocks: dial tcp: lookup bdd-nh-1590289191.**-cb-kubecd-bdd-nh-1590289191-pr-1.c**d9.bdd.jenkins-x.rocks on 10.19.240.10:53: no such host, delaying for: 9.916463735s
WARNING: preview application http://bdd-nh-1590289191.**-cb-kubecd-bdd-nh-1590289191-pr-1.c**d9.bdd.jenkins-x.rocks not available, error was Get http://bdd-nh-1590289191.**-cb-kubecd-bdd-nh-1590289191-pr-1.c**d9.bdd.jenkins-x.rocks: dial tcp: lookup bdd-nh-1590289191.**-cb-kubecd-bdd-nh-1590289191-pr-1.c**d9.bdd.jenkins-x.rocks on 10.19.240.10:53: no such host, delaying for: 6.18421683s
WARNING: preview application http://bdd-nh-1590289191.**-cb-kubecd-bdd-nh-1590289191-pr-1.c**d9.bdd.jenkins-x.rocks not available, error was Get http://bdd-nh-1590289191.**-cb-kubecd-bdd-nh-1590289191-pr-1.c**d9.bdd.jenkins-x.rocks: dial tcp: lookup bdd-nh-1590289191.**-cb-kubecd-bdd-nh-1590289191-pr-1.c**d9.bdd.jenkins-x.rocks on 10.19.240.10:53: no such host, delaying for: 10.254969594s
WARNING: preview application http://bdd-nh-1590289191.**-cb-kubecd-bdd-nh-1590289191-pr-1.c**d9.bdd.jenkins-x.rocks not available, error was Get http://bdd-nh-1590289191.**-cb-kubecd-bdd-nh-1590289191-pr-1.c**d9.bdd.jenkins-x.rocks: dial tcp: lookup bdd-nh-1590289191.**-cb-kubecd-bdd-nh-1590289191-pr-1.c**d9.bdd.jenkins-x.rocks on 10.19.240.10:53: no such host, delaying for: 36.178115353s
WARNING: preview application http://bdd-nh-1590289191.**-cb-kubecd-bdd-nh-1590289191-pr-1.c**d9.bdd.jenkins-x.rocks not available, error was Get http://bdd-nh-1590289191.**-cb-kubecd-bdd-nh-1590289191-pr-1.c**d9.bdd.jenkins-x.rocks: dial tcp: lookup bdd-nh-1590289191.**-cb-kubecd-bdd-nh-1590289191-pr-1.c**d9.bdd.jenkins-x.rocks on 10.19.240.10:53: no such host, delaying for: 24.376325342s
WARNING: preview application http://bdd-nh-1590289191.**-cb-kubecd-bdd-nh-1590289191-pr-1.c**d9.bdd.jenkins-x.rocks not available, error was Get http://bdd-nh-1590289191.**-cb-kubecd-bdd-nh-1590289191-pr-1.c**d9.bdd.jenkins-x.rocks: dial tcp: lookup bdd-nh-1590289191.**-cb-kubecd-bdd-nh-1590289191-pr-1.c**d9.bdd.jenkins-x.rocks on 10.19.240.10:53: no such host, delaying for: 1m21.293939425s
WARNING: preview application http://bdd-nh-1590289191.**-cb-kubecd-bdd-nh-1590289191-pr-1.c**d9.bdd.jenkins-x.rocks not available, error was Get http://bdd-nh-1590289191.**-cb-kubecd-bdd-nh-1590289191-pr-1.c**d9.bdd.jenkins-x.rocks: dial tcp: lookup bdd-nh-1590289191.**-cb-kubecd-bdd-nh-1590289191-pr-1.c**d9.bdd.jenkins-x.rocks on 10.19.240.10:53: no such host, delaying for: 57.533067234s
Preview application is now available at: http://bdd-nh-1590289191.**-cb-kubecd-bdd-nh-1590289191-pr-1.c**d9.bdd.jenkins-x.rocks
